+ i=4
+ minthreads=16
+ export PKG_MINW_MINS=0x38198
+ PKG_MINW_MINS=0x38198
+ export PP0_MINW_MINS=0x38198
+ PP0_MINW_MINS=0x38198
+ export DRAM_MINW_MINS=0x38078
+ DRAM_MINW_MINS=0x38078
+ export MSR_PKG_POWER_LIMIT=0x0
+ MSR_PKG_POWER_LIMIT=0x0
+ export MSR_PP0_POWER_LIMIT=0x0
+ MSR_PP0_POWER_LIMIT=0x0
+ export MSR_DRAM_POWER_LIMIT=0x0
+ MSR_DRAM_POWER_LIMIT=0x0
+ export MSR_RANK_MOD=1
+ MSR_RANK_MOD=1
+ export SAMPLE=0
+ SAMPLE=0
+ t=0
+ export TURBO_ENABLE=1
+ TURBO_ENABLE=1
+ export FUNC_INTERCEPT=0
+ FUNC_INTERCEPT=0
+ export READ_WRITE=0
+ READ_WRITE=0
+ export READ_ONLY=1
+ READ_ONLY=1
+ export OMP_NUM_THREADS=4
+ OMP_NUM_THREADS=4
+ export KMP_AFFINITY=scatter
+ KMP_AFFINITY=scatter
++ date +%Y_%m_%d_%H_%M_%S_%N
+ name=2013_01_16_00_13_55_773172434
+ mkdir 2013_01_16_00_13_55_773172434
+ cd 2013_01_16_00_13_55_773172434
+ touch out.dat
+ env
+ echo 2013_01_16_00_13_55_773172434
+ uname -a
+ srun --nodes=1 --ntasks=1 -ppbatch cat /proc/cpuinfo
+ grep MHz
+ srun --nodes=1 --ntasks=1 -o host_info hostname
+ echo 'threads/node: 4'
+ echo 'nodes: ' 1
+ echo 'turbo: 1 '
+ srun --nodes=1 --ntasks=1 -e f.err ../../../bin/sp-mz.C.1

In READ-ONLY mode.


 NAS Parallel Benchmarks (NPB3.3-MZ-MPI) - SP-MZ MPI+OpenMP Benchmark

 Number of zones:  16 x  16
 Iterations:      400    dt:   0.000670
 Number of active processes:     1

 Use the default load factors with threads
 Total number of threads:      4  (  4.0 threads/process)

 Calculated speedup =      4.00

 Time step    1
 Time step   20
 Time step   40
 Time step   60
 Time step   80
 Time step  100
 Time step  120
 Time step  140
 Time step  160
 Time step  180
 Time step  200
 Time step  220
 Time step  240
 Time step  260
 Time step  280
 Time step  300
 Time step  320
 Time step  340
 Time step  360
 Time step  380
 Time step  400
 Verification being performed for class C
 accuracy setting for epsilon =  0.1000000000000E-07
 Comparison of RMS-norms of residual
           1 0.5886814493676E+05 0.5886814493676E+05 0.4832663625127E-13
           2 0.3967324375474E+04 0.3967324375474E+04 0.7782914176636E-13
           3 0.1444126529019E+05 0.1444126529019E+05 0.2650151235474E-12
           4 0.1210582211196E+05 0.1210582211196E+05 0.2384585001109E-12
           5 0.1278941567976E+06 0.1278941567976E+06 0.3350848187331E-12
 Comparison of RMS-norms of solution error
           1 0.6414069213021E+04 0.6414069213021E+04 0.3743436394179E-13
           2 0.4069468353404E+03 0.4069468353404E+03 0.6439370900357E-13
           3 0.1585311908719E+04 0.1585311908719E+04 0.1666600808408E-12
           4 0.1270243185759E+04 0.1270243185759E+04 0.1397990892705E-12
           5 0.1441398372869E+05 0.1441398372869E+05 0.2776315530200E-14
 Verification Successful


 SP-MZ Benchmark Completed.
 Class           =                        C
 Size            =            480x  320x 28
 Iterations      =                      400
 Time in seconds =                   126.55
 Total processes =                        1
 Total threads   =                        4
 Mop/s total     =                  9677.91
 Mop/s/thread    =                  2419.48
 Operation type  =           floating point
 Verification    =               SUCCESSFUL
 Version         =                    3.3.1
 Compile date    =              16 Jan 2013

 Compile options:
    F77          = mpif77
    FLINK        = $(F77)
    F_LIB        = -Xlinker -rpath -Xlinker $(PATH_LIBMSR) -L$...
    F_INC        = (none)
    FFLAGS       = -O3 -openmp -fPIC -DPIC 
    FLINKFLAGS   = -O3  -openmp 
    RAND         = (none)


 Please send all errors/feedbacks to:

 NPB Development Team
 npb@nas.nasa.gov


